[+] Containers:
 |- [+] Container: /Game/Maps/FirstPersonMap
 |   |- [+] ActorDescs:
 |   |   |- Guid:0C36612540B499117CD75494A0C0A2F9 BaseClass:/BlockoutToolsPlugin/Blueprints/Blockout_Tube.Blockout_Tube_C NativeClass:/Script/BlockoutToolsPlugin.BlockoutToolsParent Name:Blockout_Tube_C_UAID_5811223EB158058A01_1098017769 Label:Blockout_Tube SpatiallyLoaded:1 Bounds:IsValid=true, Min=(X=-100.000 Y=-13900.002 Z=2600.000), Max=(X=1100.000 Y=-3900.000 Z=3800.000) RuntimeGrid:None EditorOnly:0 RuntimeOnly:0 HLODRelevant:1
 |   |   |- Guid:27DF1E4348D99CCC6775B39BF06EB9AD BaseClass:/BlockoutToolsPlugin/Blueprints/Blockout_Box.Blockout_Box_C NativeClass:/Script/BlockoutToolsPlugin.BlockoutToolsParent Name:Blockout_Box_C_UAID_5811223EAF1BA08A01_1387122056 Label:Blockout_Box16 SpatiallyLoaded:1 Bounds:IsValid=true, Min=(X=-4329.708 Y=9039.639 Z=300.000), Max=(X=-3093.708 Y=10158.639 Z=400.000) RuntimeGrid:None EditorOnly:0 RuntimeOnly:0 HLODRelevant:1
 |   |   |- Guid:3C70A3EE411D1D8C6DE28890160C32D7 BaseClass:/BlockoutToolsPlugin/Blueprints/Blockout_Box.Blockout_Box_C NativeClass:/Script/BlockoutToolsPlugin.BlockoutToolsParent Name:Blockout_Box_C_UAID_5811223EB158C58901_1835709516 Label:Blockout_Box10 SpatiallyLoaded:1 Bounds:IsValid=true, Min=(X=300.000 Y=-2200.000 Z=2800.000), Max=(X=700.000 Y=-1900.000 Z=3700.000) RuntimeGrid:None EditorOnly:0 RuntimeOnly:0 HLODRelevant:1
 |   |   |- Guid:41BC5F6B4A2C0F24F1322D903755DFDF BaseClass: NativeClass:/Script/Engine.SkeletalMeshActor Name:SkeletalMeshActor_UAID_5811223EAF1B9D8A01_1811926520 Label:SK_Mannequin SpatiallyLoaded:1 Bounds:IsValid=true, Min=(X=-3771.019 Y=1977.771 Z=398.574), Max=(X=-3626.911 Y=2015.056 Z=585.456) RuntimeGrid:None EditorOnly:0 RuntimeOnly:0 HLODRelevant:0
 |   |   |- Guid:45138C2E4F2A11DC9C6A95B38AE073C9 BaseClass:/BlockoutToolsPlugin/Blueprints/Blockout_Box.Blockout_Box_C NativeClass:/Script/BlockoutToolsPlugin.BlockoutToolsParent Name:Blockout_Box_C_UAID_5811223EAF1BA08A01_1392239057 Label:Blockout_Box17 SpatiallyLoaded:1 Bounds:IsValid=true, Min=(X=-4329.708 Y=4373.545 Z=300.000), Max=(X=-3093.708 Y=5492.545 Z=400.000) RuntimeGrid:None EditorOnly:0 RuntimeOnly:0 HLODRelevant:1
 |   |   |- Guid:45271325435D4492FB3E2CB66CA6A297 BaseClass:/BlockoutToolsPlugin/Blueprints/Blockout_Box.Blockout_Box_C NativeClass:/Script/BlockoutToolsPlugin.BlockoutToolsParent Name:Blockout_Box_C_UAID_5811223EAF1BA08A01_1246577054 Label:Blockout_Box14 SpatiallyLoaded:1 Bounds:IsValid=true, Min=(X=-4329.708 Y=14959.674 Z=300.000), Max=(X=-3093.708 Y=16078.675 Z=400.000) RuntimeGrid:None EditorOnly:0 RuntimeOnly:0 HLODRelevant:1
 |   |   |- Guid:4885FE04468ADE5711E258AD14C3BABA BaseClass:/Game/Blueprints/BP_WallRide.BP_WallRide_C NativeClass:/Script/Engine.Actor Name:BP_WallRide_C_UAID_5811223EAF1BA08A01_1224710053 Label:BP_WallRide2 SpatiallyLoaded:1 Bounds:IsValid=true, Min=(X=-3200.000 Y=10959.674 Z=400.000), Max=(X=-3000.000 Y=12959.674 Z=1100.000) RuntimeGrid:None EditorOnly:0 RuntimeOnly:0 HLODRelevant:0
 |   |   |- Guid:54B632A84BFC8F6535CDF2B7FACFB451 BaseClass: NativeClass:/Script/Engine.Actor Name:Actor_UAID_5811223EB158C48901_1326859331 Label:Actor SpatiallyLoaded:1 Bounds:IsValid=true, Min=(X=420.000 Y=660.000 Z=2820.000), Max=(X=580.000 Y=900.000 Z=2980.000) RuntimeGrid:None EditorOnly:0 RuntimeOnly:0 HLODRelevant:0
 |   |   |- Guid:5AC9B6114E7968CDA5B672AB7A6E7471 BaseClass:/BlockoutToolsPlugin/Blueprints/Blockout_Box.Blockout_Box_C NativeClass:/Script/BlockoutToolsPlugin.BlockoutToolsParent Name:Blockout_Box_C_UAID_5811223EB158C58901_1331783510 Label:Blockout_Box5 SpatiallyLoaded:1 Bounds:IsValid=true, Min=(X=0.000 Y=-1000.000 Z=-0.000), Max=(X=100.000 Y=1000.000 Z=700.000) RuntimeGrid:None EditorOnly:0 RuntimeOnly:0 HLODRelevant:1
 |   |   |- Guid:61391D344900612A77DFC3BA3E354907 BaseClass: NativeClass:/Script/Engine.ExponentialHeightFog Name:ExponentialHeightFog_0 Label:ExponentialHeightFog SpatiallyLoaded:0 Bounds:IsValid=true, Min=(X=-5600.000 Y=-50.000 Z=-6850.000), Max=(X=-5600.000 Y=-50.000 Z=-6850.000) RuntimeGrid:None EditorOnly:0 RuntimeOnly:0 HLODRelevant:0 FolderPath:Lighting FolderGuid:0BA5F0A04EADB18E70D5B180D08FA34B
 |   |   |- Guid:6480F1DB461A3A9BC98428807935EF7A BaseClass:/BlockoutToolsPlugin/Blueprints/Blockout_Box.Blockout_Box_C NativeClass:/Script/BlockoutToolsPlugin.BlockoutToolsParent Name:Blockout_Box_C_UAID_5811223EB158C58901_1349241512 Label:Blockout_Box6 SpatiallyLoaded:1 Bounds:IsValid=true, Min=(X=0.000 Y=-1100.000 Z=-100.000), Max=(X=1000.000 Y=-1000.000 Z=700.000) RuntimeGrid:None EditorOnly:0 RuntimeOnly:0 HLODRelevant:1
 |   |   |- Guid:6FEFB3BD4EB37B849EF0D4AC80F83855 BaseClass: NativeClass:/Script/Engine.WorldDataLayers Name:WorldDataLayers Label:WorldDataLayers SpatiallyLoaded:0 Bounds:IsValid=true, Min=(X=0.000 Y=0.000 Z=0.000), Max=(X=0.000 Y=0.000 Z=0.000) RuntimeGrid:None EditorOnly:0 RuntimeOnly:0 HLODRelevant:0
 |   |   |- Guid:713428F44EA3574BDB402CAE50DBD991 BaseClass:/BlockoutToolsPlugin/Blueprints/Blockout_Box.Blockout_Box_C NativeClass:/Script/BlockoutToolsPlugin.BlockoutToolsParent Name:Blockout_Box_C_UAID_5811223EB158C18901_1169854801 Label:Blockout_Box2 SpatiallyLoaded:1 Bounds:IsValid=true, Min=(X=0.000 Y=3800.000 Z=600.000), Max=(X=200.000 Y=4000.000 Z=800.000) RuntimeGrid:None EditorOnly:0 RuntimeOnly:0 HLODRelevant:1
 |   |   |- Guid:721C6FD04F875FF96B395FB81940696B BaseClass:/BlockoutToolsPlugin/Blueprints/Blockout_Box.Blockout_Box_C NativeClass:/Script/BlockoutToolsPlugin.BlockoutToolsParent Name:Blockout_Box_C_UAID_5811223EB158C58901_1316112509 Label:Blockout_Box4 SpatiallyLoaded:1 Bounds:IsValid=true, Min=(X=900.000 Y=-1000.000 Z=-0.000), Max=(X=1000.000 Y=1000.000 Z=700.000) RuntimeGrid:None EditorOnly:0 RuntimeOnly:0 HLODRelevant:1
 |   |   |- Guid:7A3A80FE4585F47D812AD4815B2C3330 BaseClass:/BlockoutToolsPlugin/Blueprints/Blockout_Box.Blockout_Box_C NativeClass:/Script/BlockoutToolsPlugin.BlockoutToolsParent Name:Blockout_Box_C_UAID_5811223EAF1B9D8A01_1733738519 Label:Blockout_Box11 SpatiallyLoaded:1 Bounds:IsValid=true, Min=(X=-4400.000 Y=1900.000 Z=300.000), Max=(X=-2900.000 Y=3328.000 Z=400.000) RuntimeGrid:None EditorOnly:0 RuntimeOnly:0 HLODRelevant:1
 |   |   |- Guid:8AA0EDF64030BF1F65EACEA8B4E693F7 BaseClass:/BlockoutToolsPlugin/Blueprints/Blockout_Box.Blockout_Box_C NativeClass:/Script/BlockoutToolsPlugin.BlockoutToolsParent Name:Blockout_Box_C_UAID_5811223EB158C18901_1118892799 Label:Blockout_Box SpatiallyLoaded:1 Bounds:IsValid=true, Min=(X=0.000 Y=-1000.000 Z=-100.000), Max=(X=1000.000 Y=1000.000 Z=0.000) RuntimeGrid:None EditorOnly:0 RuntimeOnly:0 HLODRelevant:1
 |   |   |- Guid:8E46C65740C03820776B75A04CE83FD4 BaseClass:/BlockoutToolsPlugin/Blueprints/Blockout_Box.Blockout_Box_C NativeClass:/Script/BlockoutToolsPlugin.BlockoutToolsParent Name:Blockout_Box_C_UAID_5811223EB158C48901_1309290330 Label:Blockout_Box3 SpatiallyLoaded:1 Bounds:IsValid=true, Min=(X=0.000 Y=-3900.000 Z=2700.000), Max=(X=1000.000 Y=1000.001 Z=2800.000) RuntimeGrid:None EditorOnly:0 RuntimeOnly:0 HLODRelevant:1
 |   |   |- Guid:90FFC98E4D7FB28DE931289A69706815 BaseClass:/BlockoutToolsPlugin/Blueprints/Blockout_Box.Blockout_Box_C NativeClass:/Script/BlockoutToolsPlugin.BlockoutToolsParent Name:Blockout_Box_C_UAID_5811223EB158C58901_1442418515 Label:Blockout_Box9 SpatiallyLoaded:1 Bounds:IsValid=true, Min=(X=1000.000 Y=-2300.000 Z=2700.000), Max=(X=1100.000 Y=1000.001 Z=3700.000) RuntimeGrid:None EditorOnly:0 RuntimeOnly:0 HLODRelevant:1
 |   |   |- Guid:A354B1B24E617A525DC6B48CCDE2417E BaseClass: NativeClass:/Script/Engine.PlayerStart Name:PlayerStart_0 Label:PlayerStart SpatiallyLoaded:0 Bounds:IsValid=true, Min=(X=-4140.000 Y=1910.000 Z=400.013), Max=(X=-4060.000 Y=1990.000 Z=584.013) RuntimeGrid:None EditorOnly:0 RuntimeOnly:0 HLODRelevant:0
 |   |   |- Guid:A399FEB949EDDDB83DE11F8ACA6EC5A7 BaseClass:/Game/Blueprints/BP_EnemyShooter.BP_EnemyShooter_C NativeClass:/Script/Engine.Character Name:BP_EnemyShooter_C_UAID_5811223EB1580D8A01_1712741175 Label:BP_EnemyShooter SpatiallyLoaded:1 Bounds:IsValid=true, Min=(X=440.000 Y=540.000 Z=-4.542), Max=(X=560.000 Y=660.000 Z=240.000) RuntimeGrid:None EditorOnly:0 RuntimeOnly:0 HLODRelevant:0
 |   |   |- Guid:AF55F323488714CA67D0EAAF4C196567 BaseClass:/BlockoutToolsPlugin/Blueprints/Blockout_Box.Blockout_Box_C NativeClass:/Script/BlockoutToolsPlugin.BlockoutToolsParent Name:Blockout_Box_C_UAID_5811223EB158C58901_1422916514 Label:Blockout_Box8 SpatiallyLoaded:1 Bounds:IsValid=true, Min=(X=-100.000 Y=-2300.000 Z=2700.000), Max=(X=0.000 Y=1000.001 Z=3700.000) RuntimeGrid:None EditorOnly:0 RuntimeOnly:0 HLODRelevant:1
 |   |   |- Guid:C0C56B9644AE3D40CAFF6A878DB29844 BaseClass: NativeClass:/Script/Engine.StaticMeshActor Name:StaticMeshActor_UAID_A4AE111137DC5EFB00_2001720423 Label:SM_SkySphere SpatiallyLoaded:0 Bounds:IsValid=true, Min=(X=-1638400.000 Y=-1638400.000 Z=-1638400.000), Max=(X=1638400.000 Y=1638400.000 Z=1638400.000) RuntimeGrid:None EditorOnly:0 RuntimeOnly:0 HLODRelevant:1 FolderPath:Lighting FolderGuid:0BA5F0A04EADB18E70D5B180D08FA34B
 |   |   |- Guid:C22CE07C4B87D685137FDBBC10FC92C6 BaseClass: NativeClass:/Script/Engine.SkyAtmosphere Name:SkyAtmosphere_0 Label:SkyAtmosphere SpatiallyLoaded:0 Bounds:IsValid=true, Min=(X=0.000 Y=0.000 Z=1020.000), Max=(X=0.000 Y=0.000 Z=1020.000) RuntimeGrid:None EditorOnly:0 RuntimeOnly:0 HLODRelevant:0 FolderPath:Lighting FolderGuid:0BA5F0A04EADB18E70D5B180D08FA34B
 |   |   |- Guid:C6977D604DC227C4617704A241CE0277 BaseClass:/Game/Blueprints/BP_WallRide.BP_WallRide_C NativeClass:/Script/Engine.Actor Name:BP_WallRide_C_UAID_5811223EAF1B9F8A01_1906103874 Label:BP_WallRide SpatiallyLoaded:1 Bounds:IsValid=true, Min=(X=-4300.000 Y=6106.545 Z=400.000), Max=(X=-4100.000 Y=8106.545 Z=1100.000) RuntimeGrid:None EditorOnly:0 RuntimeOnly:0 HLODRelevant:0
 |   |   |- Guid:CE8D82634660FCDB3120E2B8D547C533 BaseClass: NativeClass:/Script/Engine.PostProcessVolume Name:PostProcessVolume_0 Label:PostProcessVolume SpatiallyLoaded:0 Bounds:IsValid=true, Min=(X=0.000 Y=0.000 Z=400.000), Max=(X=200.000 Y=200.000 Z=600.000) RuntimeGrid:None EditorOnly:0 RuntimeOnly:0 HLODRelevant:0 FolderPath:Lighting FolderGuid:0BA5F0A04EADB18E70D5B180D08FA34B
 |   |   |- Guid:D75036D1477B8A61B84D968D4303238F BaseClass:/BlockoutToolsPlugin/Blueprints/Blockout_Box.Blockout_Box_C NativeClass:/Script/BlockoutToolsPlugin.BlockoutToolsParent Name:Blockout_Box_C_UAID_5811223EAF1BA08A01_1254198055 Label:Blockout_Box15 SpatiallyLoaded:1 Bounds:IsValid=true, Min=(X=-3621.144 Y=13888.972 Z=1064.443), Max=(X=-3517.144 Y=13989.972 Z=1162.443) RuntimeGrid:None EditorOnly:0 RuntimeOnly:0 HLODRelevant:1
 |   |   |- Guid:D9D835794C101F4A241B92A9E48F772E BaseClass:/Game/Blueprints/BP_EnemyBasic.BP_EnemyBasic_C NativeClass:/Script/Engine.Character Name:BP_Enemy_C_UAID_5811223EB158018A01_1999632064 Label:BP_Enemy2 SpatiallyLoaded:1 Bounds:IsValid=true, Min=(X=440.000 Y=-3860.000 Z=2768.000), Max=(X=560.000 Y=-3740.000 Z=3008.000) RuntimeGrid:None EditorOnly:0 RuntimeOnly:0 HLODRelevant:0
 |   |   |- Guid:E5320C1B4FD9764CE7B54D8487AEC613 BaseClass: NativeClass:/Script/Engine.SkyLight Name:SkyLight_0 Label:SkyLight SpatiallyLoaded:0 Bounds:IsValid=true, Min=(X=0.000 Y=0.000 Z=690.000), Max=(X=0.000 Y=0.000 Z=690.000) RuntimeGrid:None EditorOnly:0 RuntimeOnly:0 HLODRelevant:0 FolderPath:Lighting FolderGuid:0BA5F0A04EADB18E70D5B180D08FA34B
 |   |   |- Guid:EC0C647D4C8114E906AA7D8EB555FEB1 BaseClass:/Game/Blueprints/BP_Portal.BP_Portal_C NativeClass:/Script/Engine.Actor Name:Portal_C_UAID_5811223EB158C48901_1337428332 Label:Portal SpatiallyLoaded:1 Bounds:IsValid=true, Min=(X=-2300.000 Y=-5948.076 Z=-200.000), Max=(X=2145.301 Y=8546.772 Z=3750.000) RuntimeGrid:None EditorOnly:0 RuntimeOnly:0 HLODRelevant:0
 |   |   |- Guid:F15A11BB4909A2404786069A772E2E8C BaseClass:/BlockoutToolsPlugin/Blueprints/Blockout_Box.Blockout_Box_C NativeClass:/Script/BlockoutToolsPlugin.BlockoutToolsParent Name:Blockout_Box_C_UAID_5811223EB158C58901_1381634513 Label:Blockout_Box7 SpatiallyLoaded:1 Bounds:IsValid=true, Min=(X=0.000 Y=-300.000 Z=2950.000), Max=(X=1000.000 Y=0.000 Z=3700.000) RuntimeGrid:None EditorOnly:0 RuntimeOnly:0 HLODRelevant:1
 |   |   |- Guid:F80621C9446867154938FE81375207DA BaseClass: NativeClass:/Script/Engine.DirectionalLight Name:DirectionalLight_1 Label:DirectionalLight SpatiallyLoaded:0 Bounds:IsValid=true, Min=(X=-4398046511104.000 Y=-4398046511104.000 Z=-4398046511104.000), Max=(X=4398046511104.000 Y=4398046511104.000 Z=4398046511104.000) RuntimeGrid:None EditorOnly:0 RuntimeOnly:0 HLODRelevant:0 FolderPath:Lighting FolderGuid:0BA5F0A04EADB18E70D5B180D08FA34B
 |   |- [+] Clusters:
 |   |   |- [+] [  0]
 |   |   |   |- Guid:0C36612540B499117CD75494A0C0A2F9 BaseClass:/BlockoutToolsPlugin/Blueprints/Blockout_Tube.Blockout_Tube_C NativeClass:/Script/BlockoutToolsPlugin.BlockoutToolsParent Name:Blockout_Tube_C_UAID_5811223EB158058A01_1098017769 Label:Blockout_Tube SpatiallyLoaded:1 Bounds:IsValid=true, Min=(X=-100.000 Y=-13900.002 Z=2600.000), Max=(X=1100.000 Y=-3900.000 Z=3800.000) RuntimeGrid:None EditorOnly:0 RuntimeOnly:0 HLODRelevant:1
 |   |   |- [+] [  1]
 |   |   |   |- Guid:C22CE07C4B87D685137FDBBC10FC92C6 BaseClass: NativeClass:/Script/Engine.SkyAtmosphere Name:SkyAtmosphere_0 Label:SkyAtmosphere SpatiallyLoaded:0 Bounds:IsValid=true, Min=(X=0.000 Y=0.000 Z=1020.000), Max=(X=0.000 Y=0.000 Z=1020.000) RuntimeGrid:None EditorOnly:0 RuntimeOnly:0 HLODRelevant:0 FolderPath:Lighting FolderGuid:0BA5F0A04EADB18E70D5B180D08FA34B
 |   |   |- [+] [  2]
 |   |   |   |- Guid:5AC9B6114E7968CDA5B672AB7A6E7471 BaseClass:/BlockoutToolsPlugin/Blueprints/Blockout_Box.Blockout_Box_C NativeClass:/Script/BlockoutToolsPlugin.BlockoutToolsParent Name:Blockout_Box_C_UAID_5811223EB158C58901_1331783510 Label:Blockout_Box5 SpatiallyLoaded:1 Bounds:IsValid=true, Min=(X=0.000 Y=-1000.000 Z=-0.000), Max=(X=100.000 Y=1000.000 Z=700.000) RuntimeGrid:None EditorOnly:0 RuntimeOnly:0 HLODRelevant:1
 |   |   |- [+] [  3]
 |   |   |   |- Guid:8E46C65740C03820776B75A04CE83FD4 BaseClass:/BlockoutToolsPlugin/Blueprints/Blockout_Box.Blockout_Box_C NativeClass:/Script/BlockoutToolsPlugin.BlockoutToolsParent Name:Blockout_Box_C_UAID_5811223EB158C48901_1309290330 Label:Blockout_Box3 SpatiallyLoaded:1 Bounds:IsValid=true, Min=(X=0.000 Y=-3900.000 Z=2700.000), Max=(X=1000.000 Y=1000.001 Z=2800.000) RuntimeGrid:None EditorOnly:0 RuntimeOnly:0 HLODRelevant:1
 |   |   |- [+] [  4]
 |   |   |   |- Guid:C0C56B9644AE3D40CAFF6A878DB29844 BaseClass: NativeClass:/Script/Engine.StaticMeshActor Name:StaticMeshActor_UAID_A4AE111137DC5EFB00_2001720423 Label:SM_SkySphere SpatiallyLoaded:0 Bounds:IsValid=true, Min=(X=-1638400.000 Y=-1638400.000 Z=-1638400.000), Max=(X=1638400.000 Y=1638400.000 Z=1638400.000) RuntimeGrid:None EditorOnly:0 RuntimeOnly:0 HLODRelevant:1 FolderPath:Lighting FolderGuid:0BA5F0A04EADB18E70D5B180D08FA34B
 |   |   |- [+] [  5]
 |   |   |   |- Guid:6480F1DB461A3A9BC98428807935EF7A BaseClass:/BlockoutToolsPlugin/Blueprints/Blockout_Box.Blockout_Box_C NativeClass:/Script/BlockoutToolsPlugin.BlockoutToolsParent Name:Blockout_Box_C_UAID_5811223EB158C58901_1349241512 Label:Blockout_Box6 SpatiallyLoaded:1 Bounds:IsValid=true, Min=(X=0.000 Y=-1100.000 Z=-100.000), Max=(X=1000.000 Y=-1000.000 Z=700.000) RuntimeGrid:None EditorOnly:0 RuntimeOnly:0 HLODRelevant:1
 |   |   |- [+] [  6]
 |   |   |   |- Guid:D9D835794C101F4A241B92A9E48F772E BaseClass:/Game/Blueprints/BP_EnemyBasic.BP_EnemyBasic_C NativeClass:/Script/Engine.Character Name:BP_Enemy_C_UAID_5811223EB158018A01_1999632064 Label:BP_Enemy2 SpatiallyLoaded:1 Bounds:IsValid=true, Min=(X=440.000 Y=-3860.000 Z=2768.000), Max=(X=560.000 Y=-3740.000 Z=3008.000) RuntimeGrid:None EditorOnly:0 RuntimeOnly:0 HLODRelevant:0
 |   |   |- [+] [  7]
 |   |   |   |- Guid:8AA0EDF64030BF1F65EACEA8B4E693F7 BaseClass:/BlockoutToolsPlugin/Blueprints/Blockout_Box.Blockout_Box_C NativeClass:/Script/BlockoutToolsPlugin.BlockoutToolsParent Name:Blockout_Box_C_UAID_5811223EB158C18901_1118892799 Label:Blockout_Box SpatiallyLoaded:1 Bounds:IsValid=true, Min=(X=0.000 Y=-1000.000 Z=-100.000), Max=(X=1000.000 Y=1000.000 Z=0.000) RuntimeGrid:None EditorOnly:0 RuntimeOnly:0 HLODRelevant:1
 |   |   |- [+] [  8]
 |   |   |   |- Guid:A399FEB949EDDDB83DE11F8ACA6EC5A7 BaseClass:/Game/Blueprints/BP_EnemyShooter.BP_EnemyShooter_C NativeClass:/Script/Engine.Character Name:BP_EnemyShooter_C_UAID_5811223EB1580D8A01_1712741175 Label:BP_EnemyShooter SpatiallyLoaded:1 Bounds:IsValid=true, Min=(X=440.000 Y=540.000 Z=-4.542), Max=(X=560.000 Y=660.000 Z=240.000) RuntimeGrid:None EditorOnly:0 RuntimeOnly:0 HLODRelevant:0
 |   |   |- [+] [  9]
 |   |   |   |- Guid:CE8D82634660FCDB3120E2B8D547C533 BaseClass: NativeClass:/Script/Engine.PostProcessVolume Name:PostProcessVolume_0 Label:PostProcessVolume SpatiallyLoaded:0 Bounds:IsValid=true, Min=(X=0.000 Y=0.000 Z=400.000), Max=(X=200.000 Y=200.000 Z=600.000) RuntimeGrid:None EditorOnly:0 RuntimeOnly:0 HLODRelevant:0 FolderPath:Lighting FolderGuid:0BA5F0A04EADB18E70D5B180D08FA34B
 |   |   |- [+] [ 10]
 |   |   |   |- Guid:7A3A80FE4585F47D812AD4815B2C3330 BaseClass:/BlockoutToolsPlugin/Blueprints/Blockout_Box.Blockout_Box_C NativeClass:/Script/BlockoutToolsPlugin.BlockoutToolsParent Name:Blockout_Box_C_UAID_5811223EAF1B9D8A01_1733738519 Label:Blockout_Box11 SpatiallyLoaded:1 Bounds:IsValid=true, Min=(X=-4400.000 Y=1900.000 Z=300.000), Max=(X=-2900.000 Y=3328.000 Z=400.000) RuntimeGrid:None EditorOnly:0 RuntimeOnly:0 HLODRelevant:1
 |   |   |- [+] [ 11]
 |   |   |   |- Guid:721C6FD04F875FF96B395FB81940696B BaseClass:/BlockoutToolsPlugin/Blueprints/Blockout_Box.Blockout_Box_C NativeClass:/Script/BlockoutToolsPlugin.BlockoutToolsParent Name:Blockout_Box_C_UAID_5811223EB158C58901_1316112509 Label:Blockout_Box4 SpatiallyLoaded:1 Bounds:IsValid=true, Min=(X=900.000 Y=-1000.000 Z=-0.000), Max=(X=1000.000 Y=1000.000 Z=700.000) RuntimeGrid:None EditorOnly:0 RuntimeOnly:0 HLODRelevant:1
 |   |   |- [+] [ 12]
 |   |   |   |- Guid:E5320C1B4FD9764CE7B54D8487AEC613 BaseClass: NativeClass:/Script/Engine.SkyLight Name:SkyLight_0 Label:SkyLight SpatiallyLoaded:0 Bounds:IsValid=true, Min=(X=0.000 Y=0.000 Z=690.000), Max=(X=0.000 Y=0.000 Z=690.000) RuntimeGrid:None EditorOnly:0 RuntimeOnly:0 HLODRelevant:0 FolderPath:Lighting FolderGuid:0BA5F0A04EADB18E70D5B180D08FA34B
 |   |   |- [+] [ 13]
 |   |   |   |- Guid:F80621C9446867154938FE81375207DA BaseClass: NativeClass:/Script/Engine.DirectionalLight Name:DirectionalLight_1 Label:DirectionalLight SpatiallyLoaded:0 Bounds:IsValid=true, Min=(X=-4398046511104.000 Y=-4398046511104.000 Z=-4398046511104.000), Max=(X=4398046511104.000 Y=4398046511104.000 Z=4398046511104.000) RuntimeGrid:None EditorOnly:0 RuntimeOnly:0 HLODRelevant:0 FolderPath:Lighting FolderGuid:0BA5F0A04EADB18E70D5B180D08FA34B
 |   |   |- [+] [ 14]
 |   |   |   |- Guid:61391D344900612A77DFC3BA3E354907 BaseClass: NativeClass:/Script/Engine.ExponentialHeightFog Name:ExponentialHeightFog_0 Label:ExponentialHeightFog SpatiallyLoaded:0 Bounds:IsValid=true, Min=(X=-5600.000 Y=-50.000 Z=-6850.000), Max=(X=-5600.000 Y=-50.000 Z=-6850.000) RuntimeGrid:None EditorOnly:0 RuntimeOnly:0 HLODRelevant:0 FolderPath:Lighting FolderGuid:0BA5F0A04EADB18E70D5B180D08FA34B
 |   |   |- [+] [ 15]
 |   |   |   |- Guid:EC0C647D4C8114E906AA7D8EB555FEB1 BaseClass:/Game/Blueprints/BP_Portal.BP_Portal_C NativeClass:/Script/Engine.Actor Name:Portal_C_UAID_5811223EB158C48901_1337428332 Label:Portal SpatiallyLoaded:1 Bounds:IsValid=true, Min=(X=-2300.000 Y=-5948.076 Z=-200.000), Max=(X=2145.301 Y=8546.772 Z=3750.000) RuntimeGrid:None EditorOnly:0 RuntimeOnly:0 HLODRelevant:0
 |   |   |   |- Guid:54B632A84BFC8F6535CDF2B7FACFB451 BaseClass: NativeClass:/Script/Engine.Actor Name:Actor_UAID_5811223EB158C48901_1326859331 Label:Actor SpatiallyLoaded:1 Bounds:IsValid=true, Min=(X=420.000 Y=660.000 Z=2820.000), Max=(X=580.000 Y=900.000 Z=2980.000) RuntimeGrid:None EditorOnly:0 RuntimeOnly:0 HLODRelevant:0
 |   |   |- [+] [ 16]
 |   |   |   |- Guid:3C70A3EE411D1D8C6DE28890160C32D7 BaseClass:/BlockoutToolsPlugin/Blueprints/Blockout_Box.Blockout_Box_C NativeClass:/Script/BlockoutToolsPlugin.BlockoutToolsParent Name:Blockout_Box_C_UAID_5811223EB158C58901_1835709516 Label:Blockout_Box10 SpatiallyLoaded:1 Bounds:IsValid=true, Min=(X=300.000 Y=-2200.000 Z=2800.000), Max=(X=700.000 Y=-1900.000 Z=3700.000) RuntimeGrid:None EditorOnly:0 RuntimeOnly:0 HLODRelevant:1
 |   |   |- [+] [ 17]
 |   |   |   |- Guid:713428F44EA3574BDB402CAE50DBD991 BaseClass:/BlockoutToolsPlugin/Blueprints/Blockout_Box.Blockout_Box_C NativeClass:/Script/BlockoutToolsPlugin.BlockoutToolsParent Name:Blockout_Box_C_UAID_5811223EB158C18901_1169854801 Label:Blockout_Box2 SpatiallyLoaded:1 Bounds:IsValid=true, Min=(X=0.000 Y=3800.000 Z=600.000), Max=(X=200.000 Y=4000.000 Z=800.000) RuntimeGrid:None EditorOnly:0 RuntimeOnly:0 HLODRelevant:1
 |   |   |- [+] [ 18]
 |   |   |   |- Guid:A354B1B24E617A525DC6B48CCDE2417E BaseClass: NativeClass:/Script/Engine.PlayerStart Name:PlayerStart_0 Label:PlayerStart SpatiallyLoaded:0 Bounds:IsValid=true, Min=(X=-4140.000 Y=1910.000 Z=400.013), Max=(X=-4060.000 Y=1990.000 Z=584.013) RuntimeGrid:None EditorOnly:0 RuntimeOnly:0 HLODRelevant:0
 |   |   |- [+] [ 19]
 |   |   |   |- Guid:90FFC98E4D7FB28DE931289A69706815 BaseClass:/BlockoutToolsPlugin/Blueprints/Blockout_Box.Blockout_Box_C NativeClass:/Script/BlockoutToolsPlugin.BlockoutToolsParent Name:Blockout_Box_C_UAID_5811223EB158C58901_1442418515 Label:Blockout_Box9 SpatiallyLoaded:1 Bounds:IsValid=true, Min=(X=1000.000 Y=-2300.000 Z=2700.000), Max=(X=1100.000 Y=1000.001 Z=3700.000) RuntimeGrid:None EditorOnly:0 RuntimeOnly:0 HLODRelevant:1
 |   |   |- [+] [ 20]
 |   |   |   |- Guid:6FEFB3BD4EB37B849EF0D4AC80F83855 BaseClass: NativeClass:/Script/Engine.WorldDataLayers Name:WorldDataLayers Label:WorldDataLayers SpatiallyLoaded:0 Bounds:IsValid=true, Min=(X=0.000 Y=0.000 Z=0.000), Max=(X=0.000 Y=0.000 Z=0.000) RuntimeGrid:None EditorOnly:0 RuntimeOnly:0 HLODRelevant:0
 |   |   |- [+] [ 21]
 |   |   |   |- Guid:AF55F323488714CA67D0EAAF4C196567 BaseClass:/BlockoutToolsPlugin/Blueprints/Blockout_Box.Blockout_Box_C NativeClass:/Script/BlockoutToolsPlugin.BlockoutToolsParent Name:Blockout_Box_C_UAID_5811223EB158C58901_1422916514 Label:Blockout_Box8 SpatiallyLoaded:1 Bounds:IsValid=true, Min=(X=-100.000 Y=-2300.000 Z=2700.000), Max=(X=0.000 Y=1000.001 Z=3700.000) RuntimeGrid:None EditorOnly:0 RuntimeOnly:0 HLODRelevant:1
 |   |   |- [+] [ 22]
 |   |   |   |- Guid:41BC5F6B4A2C0F24F1322D903755DFDF BaseClass: NativeClass:/Script/Engine.SkeletalMeshActor Name:SkeletalMeshActor_UAID_5811223EAF1B9D8A01_1811926520 Label:SK_Mannequin SpatiallyLoaded:1 Bounds:IsValid=true, Min=(X=-3771.019 Y=1977.771 Z=398.574), Max=(X=-3626.911 Y=2015.056 Z=585.456) RuntimeGrid:None EditorOnly:0 RuntimeOnly:0 HLODRelevant:0
 |   |   |- [+] [ 23]
 |   |   |   |- Guid:F15A11BB4909A2404786069A772E2E8C BaseClass:/BlockoutToolsPlugin/Blueprints/Blockout_Box.Blockout_Box_C NativeClass:/Script/BlockoutToolsPlugin.BlockoutToolsParent Name:Blockout_Box_C_UAID_5811223EB158C58901_1381634513 Label:Blockout_Box7 SpatiallyLoaded:1 Bounds:IsValid=true, Min=(X=0.000 Y=-300.000 Z=2950.000), Max=(X=1000.000 Y=0.000 Z=3700.000) RuntimeGrid:None EditorOnly:0 RuntimeOnly:0 HLODRelevant:1
 |   |   |- [+] [ 24]
 |   |   |   |- Guid:C6977D604DC227C4617704A241CE0277 BaseClass:/Game/Blueprints/BP_WallRide.BP_WallRide_C NativeClass:/Script/Engine.Actor Name:BP_WallRide_C_UAID_5811223EAF1B9F8A01_1906103874 Label:BP_WallRide SpatiallyLoaded:1 Bounds:IsValid=true, Min=(X=-4300.000 Y=6106.545 Z=400.000), Max=(X=-4100.000 Y=8106.545 Z=1100.000) RuntimeGrid:None EditorOnly:0 RuntimeOnly:0 HLODRelevant:0
 |   |   |- [+] [ 25]
 |   |   |   |- Guid:4885FE04468ADE5711E258AD14C3BABA BaseClass:/Game/Blueprints/BP_WallRide.BP_WallRide_C NativeClass:/Script/Engine.Actor Name:BP_WallRide_C_UAID_5811223EAF1BA08A01_1224710053 Label:BP_WallRide2 SpatiallyLoaded:1 Bounds:IsValid=true, Min=(X=-3200.000 Y=10959.674 Z=400.000), Max=(X=-3000.000 Y=12959.674 Z=1100.000) RuntimeGrid:None EditorOnly:0 RuntimeOnly:0 HLODRelevant:0
 |   |   |- [+] [ 26]
 |   |   |   |- Guid:45271325435D4492FB3E2CB66CA6A297 BaseClass:/BlockoutToolsPlugin/Blueprints/Blockout_Box.Blockout_Box_C NativeClass:/Script/BlockoutToolsPlugin.BlockoutToolsParent Name:Blockout_Box_C_UAID_5811223EAF1BA08A01_1246577054 Label:Blockout_Box14 SpatiallyLoaded:1 Bounds:IsValid=true, Min=(X=-4329.708 Y=14959.674 Z=300.000), Max=(X=-3093.708 Y=16078.675 Z=400.000) RuntimeGrid:None EditorOnly:0 RuntimeOnly:0 HLODRelevant:1
 |   |   |- [+] [ 27]
 |   |   |   |- Guid:D75036D1477B8A61B84D968D4303238F BaseClass:/BlockoutToolsPlugin/Blueprints/Blockout_Box.Blockout_Box_C NativeClass:/Script/BlockoutToolsPlugin.BlockoutToolsParent Name:Blockout_Box_C_UAID_5811223EAF1BA08A01_1254198055 Label:Blockout_Box15 SpatiallyLoaded:1 Bounds:IsValid=true, Min=(X=-3621.144 Y=13888.972 Z=1064.443), Max=(X=-3517.144 Y=13989.972 Z=1162.443) RuntimeGrid:None EditorOnly:0 RuntimeOnly:0 HLODRelevant:1
 |   |   |- [+] [ 28]
 |   |   |   |- Guid:27DF1E4348D99CCC6775B39BF06EB9AD BaseClass:/BlockoutToolsPlugin/Blueprints/Blockout_Box.Blockout_Box_C NativeClass:/Script/BlockoutToolsPlugin.BlockoutToolsParent Name:Blockout_Box_C_UAID_5811223EAF1BA08A01_1387122056 Label:Blockout_Box16 SpatiallyLoaded:1 Bounds:IsValid=true, Min=(X=-4329.708 Y=9039.639 Z=300.000), Max=(X=-3093.708 Y=10158.639 Z=400.000) RuntimeGrid:None EditorOnly:0 RuntimeOnly:0 HLODRelevant:1
 |   |   |- [+] [ 29]
 |   |   |   |- Guid:45138C2E4F2A11DC9C6A95B38AE073C9 BaseClass:/BlockoutToolsPlugin/Blueprints/Blockout_Box.Blockout_Box_C NativeClass:/Script/BlockoutToolsPlugin.BlockoutToolsParent Name:Blockout_Box_C_UAID_5811223EAF1BA08A01_1392239057 Label:Blockout_Box17 SpatiallyLoaded:1 Bounds:IsValid=true, Min=(X=-4329.708 Y=4373.545 Z=300.000), Max=(X=-3093.708 Y=5492.545 Z=400.000) RuntimeGrid:None EditorOnly:0 RuntimeOnly:0 HLODRelevant:1
 |- ContainerInstances:
 |- [+] MainContainer:
 |   |-        ID: 0x0000000000000000
 |   |-    Bounds: IsValid=false, Min=(X=0.000 Y=0.000 Z=0.000), Max=(X=0.000 Y=0.000 Z=0.000)
 |   |- Transform: 0.000000,0.000000,0.000000|0.000000,0.000000,-0.000000|1.000000,1.000000,1.000000
 |   |- Container: /Game/Maps/FirstPersonMap
----------------------------------------------------------------------------------------------------------------
FirstPersonMap - Persistent Level
----------------------------------------------------------------------------------------------------------------
Always loaded Actor Count: 40 

----------------------------------------------------------------------------------------------------------------
FirstPersonMap - Runtime Spatial Hash - Streaming Grid - MainGrid
----------------------------------------------------------------------------------------------------------------
            Origin: X=0.000 Y=0.000 Z=0.000
         Cell Size: 12800
      World Bounds: IsValid=false, Min=(X=0.000 Y=0.000 Z=0.000), Max=(X=0.000 Y=0.000 Z=0.000)
     Loading Range: 25600.00
Block Slow Loading: No
 ClientOnlyVisible: No

[+] Grid Levels: 1
 |- Level  0: Cell Count    0 | Cell Size   12800 | Actor Count    0 (0.0%)

[+] Content of Grid Level 0

