[+] Containers:
 |- [+] Container: /Game/FirstPerson/Maps/FirstPersonMap
 |   |- [+] ActorDescs:
 |   |   |- Guid:3C70A3EE411D1D8C6DE28890160C32D7 BaseClass:/BlockoutToolsPlugin/Blueprints/Blockout_Box.Blockout_Box_C NativeClass:/Script/BlockoutToolsPlugin.BlockoutToolsParent Name:Blockout_Box_C_UAID_5811223EB158C58901_1835709516 Label:Blockout_Box10 SpatiallyLoaded:1 Bounds:IsValid=true, Min=(X=700.000 Y=-700.000 Z=2800.000), Max=(X=1000.000 Y=-300.000 Z=3000.000) RuntimeGrid:None EditorOnly:0 RuntimeOnly:0 HLODRelevant:1
 |   |   |- Guid:54B632A84BFC8F6535CDF2B7FACFB451 BaseClass: NativeClass:/Script/Engine.Actor Name:Actor_UAID_5811223EB158C48901_1326859331 Label:Actor SpatiallyLoaded:1 Bounds:IsValid=true, Min=(X=420.000 Y=660.000 Z=2820.000), Max=(X=580.000 Y=900.000 Z=2980.000) RuntimeGrid:None EditorOnly:0 RuntimeOnly:0 HLODRelevant:0
 |   |   |- Guid:5AC9B6114E7968CDA5B672AB7A6E7471 BaseClass:/BlockoutToolsPlugin/Blueprints/Blockout_Box.Blockout_Box_C NativeClass:/Script/BlockoutToolsPlugin.BlockoutToolsParent Name:Blockout_Box_C_UAID_5811223EB158C58901_1331783510 Label:Blockout_Box5 SpatiallyLoaded:1 Bounds:IsValid=true, Min=(X=0.000 Y=-1000.000 Z=-0.000), Max=(X=100.000 Y=1000.000 Z=700.000) RuntimeGrid:None EditorOnly:0 RuntimeOnly:0 HLODRelevant:1
 |   |   |- Guid:61391D344900612A77DFC3BA3E354907 BaseClass: NativeClass:/Script/Engine.ExponentialHeightFog Name:ExponentialHeightFog_0 Label:ExponentialHeightFog SpatiallyLoaded:0 Bounds:IsValid=true, Min=(X=-5600.000 Y=-50.000 Z=-6850.000), Max=(X=-5600.000 Y=-50.000 Z=-6850.000) RuntimeGrid:None EditorOnly:0 RuntimeOnly:0 HLODRelevant:0 FolderPath:Lighting FolderGuid:0BA5F0A04EADB18E70D5B180D08FA34B
 |   |   |- Guid:6480F1DB461A3A9BC98428807935EF7A BaseClass:/BlockoutToolsPlugin/Blueprints/Blockout_Box.Blockout_Box_C NativeClass:/Script/BlockoutToolsPlugin.BlockoutToolsParent Name:Blockout_Box_C_UAID_5811223EB158C58901_1349241512 Label:Blockout_Box6 SpatiallyLoaded:1 Bounds:IsValid=true, Min=(X=0.000 Y=-1100.000 Z=-100.000), Max=(X=1000.000 Y=-1000.000 Z=700.000) RuntimeGrid:None EditorOnly:0 RuntimeOnly:0 HLODRelevant:1
 |   |   |- Guid:6FEFB3BD4EB37B849EF0D4AC80F83855 BaseClass: NativeClass:/Script/Engine.WorldDataLayers Name:WorldDataLayers Label:WorldDataLayers SpatiallyLoaded:0 Bounds:IsValid=true, Min=(X=0.000 Y=0.000 Z=0.000), Max=(X=0.000 Y=0.000 Z=0.000) RuntimeGrid:None EditorOnly:0 RuntimeOnly:0 HLODRelevant:0
 |   |   |- Guid:713428F44EA3574BDB402CAE50DBD991 BaseClass:/BlockoutToolsPlugin/Blueprints/Blockout_Box.Blockout_Box_C NativeClass:/Script/BlockoutToolsPlugin.BlockoutToolsParent Name:Blockout_Box_C_UAID_5811223EB158C18901_1169854801 Label:Blockout_Box2 SpatiallyLoaded:1 Bounds:IsValid=true, Min=(X=0.000 Y=3800.000 Z=600.000), Max=(X=200.000 Y=4000.000 Z=800.000) RuntimeGrid:None EditorOnly:0 RuntimeOnly:0 HLODRelevant:1
 |   |   |- Guid:721C6FD04F875FF96B395FB81940696B BaseClass:/BlockoutToolsPlugin/Blueprints/Blockout_Box.Blockout_Box_C NativeClass:/Script/BlockoutToolsPlugin.BlockoutToolsParent Name:Blockout_Box_C_UAID_5811223EB158C58901_1316112509 Label:Blockout_Box4 SpatiallyLoaded:1 Bounds:IsValid=true, Min=(X=900.000 Y=-1000.000 Z=-0.000), Max=(X=1000.000 Y=1000.000 Z=700.000) RuntimeGrid:None EditorOnly:0 RuntimeOnly:0 HLODRelevant:1
 |   |   |- Guid:8AA0EDF64030BF1F65EACEA8B4E693F7 BaseClass:/BlockoutToolsPlugin/Blueprints/Blockout_Box.Blockout_Box_C NativeClass:/Script/BlockoutToolsPlugin.BlockoutToolsParent Name:Blockout_Box_C_UAID_5811223EB158C18901_1118892799 Label:Blockout_Box SpatiallyLoaded:1 Bounds:IsValid=true, Min=(X=0.000 Y=-1000.000 Z=-100.000), Max=(X=1000.000 Y=1000.000 Z=0.000) RuntimeGrid:None EditorOnly:0 RuntimeOnly:0 HLODRelevant:1
 |   |   |- Guid:8E46C65740C03820776B75A04CE83FD4 BaseClass:/BlockoutToolsPlugin/Blueprints/Blockout_Box.Blockout_Box_C NativeClass:/Script/BlockoutToolsPlugin.BlockoutToolsParent Name:Blockout_Box_C_UAID_5811223EB158C48901_1309290330 Label:Blockout_Box3 SpatiallyLoaded:1 Bounds:IsValid=true, Min=(X=0.000 Y=-2300.000 Z=2700.000), Max=(X=1000.000 Y=1000.001 Z=2800.000) RuntimeGrid:None EditorOnly:0 RuntimeOnly:0 HLODRelevant:1
 |   |   |- Guid:90FFC98E4D7FB28DE931289A69706815 BaseClass:/BlockoutToolsPlugin/Blueprints/Blockout_Box.Blockout_Box_C NativeClass:/Script/BlockoutToolsPlugin.BlockoutToolsParent Name:Blockout_Box_C_UAID_5811223EB158C58901_1442418515 Label:Blockout_Box9 SpatiallyLoaded:1 Bounds:IsValid=true, Min=(X=1000.000 Y=-300.000 Z=2700.000), Max=(X=1100.000 Y=1000.000 Z=3100.000) RuntimeGrid:None EditorOnly:0 RuntimeOnly:0 HLODRelevant:1
 |   |   |- Guid:A354B1B24E617A525DC6B48CCDE2417E BaseClass: NativeClass:/Script/Engine.PlayerStart Name:PlayerStart_0 Label:PlayerStart SpatiallyLoaded:0 Bounds:IsValid=true, Min=(X=460.000 Y=-890.000 Z=0.013), Max=(X=540.000 Y=-810.000 Z=184.013) RuntimeGrid:None EditorOnly:0 RuntimeOnly:0 HLODRelevant:0
 |   |   |- Guid:AF55F323488714CA67D0EAAF4C196567 BaseClass:/BlockoutToolsPlugin/Blueprints/Blockout_Box.Blockout_Box_C NativeClass:/Script/BlockoutToolsPlugin.BlockoutToolsParent Name:Blockout_Box_C_UAID_5811223EB158C58901_1422916514 Label:Blockout_Box8 SpatiallyLoaded:1 Bounds:IsValid=true, Min=(X=-100.000 Y=-300.000 Z=2700.000), Max=(X=0.000 Y=1000.000 Z=3100.000) RuntimeGrid:None EditorOnly:0 RuntimeOnly:0 HLODRelevant:1
 |   |   |- Guid:C0C56B9644AE3D40CAFF6A878DB29844 BaseClass: NativeClass:/Script/Engine.StaticMeshActor Name:StaticMeshActor_UAID_A4AE111137DC5EFB00_2001720423 Label:SM_SkySphere SpatiallyLoaded:0 Bounds:IsValid=true, Min=(X=-1638400.000 Y=-1638400.000 Z=-1638400.000), Max=(X=1638400.000 Y=1638400.000 Z=1638400.000) RuntimeGrid:None EditorOnly:0 RuntimeOnly:0 HLODRelevant:1 FolderPath:Lighting FolderGuid:0BA5F0A04EADB18E70D5B180D08FA34B
 |   |   |- Guid:C22CE07C4B87D685137FDBBC10FC92C6 BaseClass: NativeClass:/Script/Engine.SkyAtmosphere Name:SkyAtmosphere_0 Label:SkyAtmosphere SpatiallyLoaded:0 Bounds:IsValid=true, Min=(X=0.000 Y=0.000 Z=1020.000), Max=(X=0.000 Y=0.000 Z=1020.000) RuntimeGrid:None EditorOnly:0 RuntimeOnly:0 HLODRelevant:0 FolderPath:Lighting FolderGuid:0BA5F0A04EADB18E70D5B180D08FA34B
 |   |   |- Guid:CE8D82634660FCDB3120E2B8D547C533 BaseClass: NativeClass:/Script/Engine.PostProcessVolume Name:PostProcessVolume_0 Label:PostProcessVolume SpatiallyLoaded:0 Bounds:IsValid=true, Min=(X=0.000 Y=0.000 Z=400.000), Max=(X=200.000 Y=200.000 Z=600.000) RuntimeGrid:None EditorOnly:0 RuntimeOnly:0 HLODRelevant:0 FolderPath:Lighting FolderGuid:0BA5F0A04EADB18E70D5B180D08FA34B
 |   |   |- Guid:E5320C1B4FD9764CE7B54D8487AEC613 BaseClass: NativeClass:/Script/Engine.SkyLight Name:SkyLight_0 Label:SkyLight SpatiallyLoaded:0 Bounds:IsValid=true, Min=(X=0.000 Y=0.000 Z=690.000), Max=(X=0.000 Y=0.000 Z=690.000) RuntimeGrid:None EditorOnly:0 RuntimeOnly:0 HLODRelevant:0 FolderPath:Lighting FolderGuid:0BA5F0A04EADB18E70D5B180D08FA34B
 |   |   |- Guid:EC0C647D4C8114E906AA7D8EB555FEB1 BaseClass:/Game/Blueprints/Portal.Portal_C NativeClass:/Script/Engine.Actor Name:Portal_C_UAID_5811223EB158C48901_1337428332 Label:Portal SpatiallyLoaded:1 Bounds:IsValid=true, Min=(X=-800.000 Y=9188.397 Z=2820.096), Max=(X=800.000 Y=10161.603 Z=4305.737) RuntimeGrid:None EditorOnly:0 RuntimeOnly:0 HLODRelevant:0
 |   |   |- Guid:F15A11BB4909A2404786069A772E2E8C BaseClass:/BlockoutToolsPlugin/Blueprints/Blockout_Box.Blockout_Box_C NativeClass:/Script/BlockoutToolsPlugin.BlockoutToolsParent Name:Blockout_Box_C_UAID_5811223EB158C58901_1381634513 Label:Blockout_Box7 SpatiallyLoaded:1 Bounds:IsValid=true, Min=(X=0.000 Y=-300.000 Z=2950.000), Max=(X=1000.000 Y=0.000 Z=3050.000) RuntimeGrid:None EditorOnly:0 RuntimeOnly:0 HLODRelevant:1
 |   |   |- Guid:F80621C9446867154938FE81375207DA BaseClass: NativeClass:/Script/Engine.DirectionalLight Name:DirectionalLight_1 Label:DirectionalLight SpatiallyLoaded:0 Bounds:IsValid=true, Min=(X=-1048576.000 Y=-1048576.000 Z=-1048576.000), Max=(X=1048576.000 Y=1048576.000 Z=1048576.000) RuntimeGrid:None EditorOnly:0 RuntimeOnly:0 HLODRelevant:0 FolderPath:Lighting FolderGuid:0BA5F0A04EADB18E70D5B180D08FA34B
 |   |- [+] Clusters:
 |   |   |- [+] [  0]
 |   |   |   |- Guid:61391D344900612A77DFC3BA3E354907 BaseClass: NativeClass:/Script/Engine.ExponentialHeightFog Name:ExponentialHeightFog_0 Label:ExponentialHeightFog SpatiallyLoaded:0 Bounds:IsValid=true, Min=(X=-5600.000 Y=-50.000 Z=-6850.000), Max=(X=-5600.000 Y=-50.000 Z=-6850.000) RuntimeGrid:None EditorOnly:0 RuntimeOnly:0 HLODRelevant:0 FolderPath:Lighting FolderGuid:0BA5F0A04EADB18E70D5B180D08FA34B
 |   |   |- [+] [  1]
 |   |   |   |- Guid:F80621C9446867154938FE81375207DA BaseClass: NativeClass:/Script/Engine.DirectionalLight Name:DirectionalLight_1 Label:DirectionalLight SpatiallyLoaded:0 Bounds:IsValid=true, Min=(X=-1048576.000 Y=-1048576.000 Z=-1048576.000), Max=(X=1048576.000 Y=1048576.000 Z=1048576.000) RuntimeGrid:None EditorOnly:0 RuntimeOnly:0 HLODRelevant:0 FolderPath:Lighting FolderGuid:0BA5F0A04EADB18E70D5B180D08FA34B
 |   |   |- [+] [  2]
 |   |   |   |- Guid:E5320C1B4FD9764CE7B54D8487AEC613 BaseClass: NativeClass:/Script/Engine.SkyLight Name:SkyLight_0 Label:SkyLight SpatiallyLoaded:0 Bounds:IsValid=true, Min=(X=0.000 Y=0.000 Z=690.000), Max=(X=0.000 Y=0.000 Z=690.000) RuntimeGrid:None EditorOnly:0 RuntimeOnly:0 HLODRelevant:0 FolderPath:Lighting FolderGuid:0BA5F0A04EADB18E70D5B180D08FA34B
 |   |   |- [+] [  3]
 |   |   |   |- Guid:3C70A3EE411D1D8C6DE28890160C32D7 BaseClass:/BlockoutToolsPlugin/Blueprints/Blockout_Box.Blockout_Box_C NativeClass:/Script/BlockoutToolsPlugin.BlockoutToolsParent Name:Blockout_Box_C_UAID_5811223EB158C58901_1835709516 Label:Blockout_Box10 SpatiallyLoaded:1 Bounds:IsValid=true, Min=(X=700.000 Y=-700.000 Z=2800.000), Max=(X=1000.000 Y=-300.000 Z=3000.000) RuntimeGrid:None EditorOnly:0 RuntimeOnly:0 HLODRelevant:1
 |   |   |- [+] [  4]
 |   |   |   |- Guid:A354B1B24E617A525DC6B48CCDE2417E BaseClass: NativeClass:/Script/Engine.PlayerStart Name:PlayerStart_0 Label:PlayerStart SpatiallyLoaded:0 Bounds:IsValid=true, Min=(X=460.000 Y=-890.000 Z=0.013), Max=(X=540.000 Y=-810.000 Z=184.013) RuntimeGrid:None EditorOnly:0 RuntimeOnly:0 HLODRelevant:0
 |   |   |- [+] [  5]
 |   |   |   |- Guid:C22CE07C4B87D685137FDBBC10FC92C6 BaseClass: NativeClass:/Script/Engine.SkyAtmosphere Name:SkyAtmosphere_0 Label:SkyAtmosphere SpatiallyLoaded:0 Bounds:IsValid=true, Min=(X=0.000 Y=0.000 Z=1020.000), Max=(X=0.000 Y=0.000 Z=1020.000) RuntimeGrid:None EditorOnly:0 RuntimeOnly:0 HLODRelevant:0 FolderPath:Lighting FolderGuid:0BA5F0A04EADB18E70D5B180D08FA34B
 |   |   |- [+] [  6]
 |   |   |   |- Guid:C0C56B9644AE3D40CAFF6A878DB29844 BaseClass: NativeClass:/Script/Engine.StaticMeshActor Name:StaticMeshActor_UAID_A4AE111137DC5EFB00_2001720423 Label:SM_SkySphere SpatiallyLoaded:0 Bounds:IsValid=true, Min=(X=-1638400.000 Y=-1638400.000 Z=-1638400.000), Max=(X=1638400.000 Y=1638400.000 Z=1638400.000) RuntimeGrid:None EditorOnly:0 RuntimeOnly:0 HLODRelevant:1 FolderPath:Lighting FolderGuid:0BA5F0A04EADB18E70D5B180D08FA34B
 |   |   |- [+] [  7]
 |   |   |   |- Guid:6FEFB3BD4EB37B849EF0D4AC80F83855 BaseClass: NativeClass:/Script/Engine.WorldDataLayers Name:WorldDataLayers Label:WorldDataLayers SpatiallyLoaded:0 Bounds:IsValid=true, Min=(X=0.000 Y=0.000 Z=0.000), Max=(X=0.000 Y=0.000 Z=0.000) RuntimeGrid:None EditorOnly:0 RuntimeOnly:0 HLODRelevant:0
 |   |   |- [+] [  8]
 |   |   |   |- Guid:CE8D82634660FCDB3120E2B8D547C533 BaseClass: NativeClass:/Script/Engine.PostProcessVolume Name:PostProcessVolume_0 Label:PostProcessVolume SpatiallyLoaded:0 Bounds:IsValid=true, Min=(X=0.000 Y=0.000 Z=400.000), Max=(X=200.000 Y=200.000 Z=600.000) RuntimeGrid:None EditorOnly:0 RuntimeOnly:0 HLODRelevant:0 FolderPath:Lighting FolderGuid:0BA5F0A04EADB18E70D5B180D08FA34B
 |   |   |- [+] [  9]
 |   |   |   |- Guid:EC0C647D4C8114E906AA7D8EB555FEB1 BaseClass:/Game/Blueprints/Portal.Portal_C NativeClass:/Script/Engine.Actor Name:Portal_C_UAID_5811223EB158C48901_1337428332 Label:Portal SpatiallyLoaded:1 Bounds:IsValid=true, Min=(X=-800.000 Y=9188.397 Z=2820.096), Max=(X=800.000 Y=10161.603 Z=4305.737) RuntimeGrid:None EditorOnly:0 RuntimeOnly:0 HLODRelevant:0
 |   |   |   |- Guid:54B632A84BFC8F6535CDF2B7FACFB451 BaseClass: NativeClass:/Script/Engine.Actor Name:Actor_UAID_5811223EB158C48901_1326859331 Label:Actor SpatiallyLoaded:1 Bounds:IsValid=true, Min=(X=420.000 Y=660.000 Z=2820.000), Max=(X=580.000 Y=900.000 Z=2980.000) RuntimeGrid:None EditorOnly:0 RuntimeOnly:0 HLODRelevant:0
 |   |   |   |- Guid:8E46C65740C03820776B75A04CE83FD4 BaseClass:/BlockoutToolsPlugin/Blueprints/Blockout_Box.Blockout_Box_C NativeClass:/Script/BlockoutToolsPlugin.BlockoutToolsParent Name:Blockout_Box_C_UAID_5811223EB158C48901_1309290330 Label:Blockout_Box3 SpatiallyLoaded:1 Bounds:IsValid=true, Min=(X=0.000 Y=-2300.000 Z=2700.000), Max=(X=1000.000 Y=1000.001 Z=2800.000) RuntimeGrid:None EditorOnly:0 RuntimeOnly:0 HLODRelevant:1
 |   |   |   |- Guid:90FFC98E4D7FB28DE931289A69706815 BaseClass:/BlockoutToolsPlugin/Blueprints/Blockout_Box.Blockout_Box_C NativeClass:/Script/BlockoutToolsPlugin.BlockoutToolsParent Name:Blockout_Box_C_UAID_5811223EB158C58901_1442418515 Label:Blockout_Box9 SpatiallyLoaded:1 Bounds:IsValid=true, Min=(X=1000.000 Y=-300.000 Z=2700.000), Max=(X=1100.000 Y=1000.000 Z=3100.000) RuntimeGrid:None EditorOnly:0 RuntimeOnly:0 HLODRelevant:1
 |   |   |   |- Guid:F15A11BB4909A2404786069A772E2E8C BaseClass:/BlockoutToolsPlugin/Blueprints/Blockout_Box.Blockout_Box_C NativeClass:/Script/BlockoutToolsPlugin.BlockoutToolsParent Name:Blockout_Box_C_UAID_5811223EB158C58901_1381634513 Label:Blockout_Box7 SpatiallyLoaded:1 Bounds:IsValid=true, Min=(X=0.000 Y=-300.000 Z=2950.000), Max=(X=1000.000 Y=0.000 Z=3050.000) RuntimeGrid:None EditorOnly:0 RuntimeOnly:0 HLODRelevant:1
 |   |   |   |- Guid:AF55F323488714CA67D0EAAF4C196567 BaseClass:/BlockoutToolsPlugin/Blueprints/Blockout_Box.Blockout_Box_C NativeClass:/Script/BlockoutToolsPlugin.BlockoutToolsParent Name:Blockout_Box_C_UAID_5811223EB158C58901_1422916514 Label:Blockout_Box8 SpatiallyLoaded:1 Bounds:IsValid=true, Min=(X=-100.000 Y=-300.000 Z=2700.000), Max=(X=0.000 Y=1000.000 Z=3100.000) RuntimeGrid:None EditorOnly:0 RuntimeOnly:0 HLODRelevant:1
 |   |   |   |- Guid:713428F44EA3574BDB402CAE50DBD991 BaseClass:/BlockoutToolsPlugin/Blueprints/Blockout_Box.Blockout_Box_C NativeClass:/Script/BlockoutToolsPlugin.BlockoutToolsParent Name:Blockout_Box_C_UAID_5811223EB158C18901_1169854801 Label:Blockout_Box2 SpatiallyLoaded:1 Bounds:IsValid=true, Min=(X=0.000 Y=3800.000 Z=600.000), Max=(X=200.000 Y=4000.000 Z=800.000) RuntimeGrid:None EditorOnly:0 RuntimeOnly:0 HLODRelevant:1
 |   |   |   |- Guid:8AA0EDF64030BF1F65EACEA8B4E693F7 BaseClass:/BlockoutToolsPlugin/Blueprints/Blockout_Box.Blockout_Box_C NativeClass:/Script/BlockoutToolsPlugin.BlockoutToolsParent Name:Blockout_Box_C_UAID_5811223EB158C18901_1118892799 Label:Blockout_Box SpatiallyLoaded:1 Bounds:IsValid=true, Min=(X=0.000 Y=-1000.000 Z=-100.000), Max=(X=1000.000 Y=1000.000 Z=0.000) RuntimeGrid:None EditorOnly:0 RuntimeOnly:0 HLODRelevant:1
 |   |   |   |- Guid:721C6FD04F875FF96B395FB81940696B BaseClass:/BlockoutToolsPlugin/Blueprints/Blockout_Box.Blockout_Box_C NativeClass:/Script/BlockoutToolsPlugin.BlockoutToolsParent Name:Blockout_Box_C_UAID_5811223EB158C58901_1316112509 Label:Blockout_Box4 SpatiallyLoaded:1 Bounds:IsValid=true, Min=(X=900.000 Y=-1000.000 Z=-0.000), Max=(X=1000.000 Y=1000.000 Z=700.000) RuntimeGrid:None EditorOnly:0 RuntimeOnly:0 HLODRelevant:1
 |   |   |   |- Guid:5AC9B6114E7968CDA5B672AB7A6E7471 BaseClass:/BlockoutToolsPlugin/Blueprints/Blockout_Box.Blockout_Box_C NativeClass:/Script/BlockoutToolsPlugin.BlockoutToolsParent Name:Blockout_Box_C_UAID_5811223EB158C58901_1331783510 Label:Blockout_Box5 SpatiallyLoaded:1 Bounds:IsValid=true, Min=(X=0.000 Y=-1000.000 Z=-0.000), Max=(X=100.000 Y=1000.000 Z=700.000) RuntimeGrid:None EditorOnly:0 RuntimeOnly:0 HLODRelevant:1
 |   |   |   |- Guid:6480F1DB461A3A9BC98428807935EF7A BaseClass:/BlockoutToolsPlugin/Blueprints/Blockout_Box.Blockout_Box_C NativeClass:/Script/BlockoutToolsPlugin.BlockoutToolsParent Name:Blockout_Box_C_UAID_5811223EB158C58901_1349241512 Label:Blockout_Box6 SpatiallyLoaded:1 Bounds:IsValid=true, Min=(X=0.000 Y=-1100.000 Z=-100.000), Max=(X=1000.000 Y=-1000.000 Z=700.000) RuntimeGrid:None EditorOnly:0 RuntimeOnly:0 HLODRelevant:1
 |- ContainerInstances:
 |- [+] MainContainer:
 |   |-        ID: 0x0000000000000000
 |   |-    Bounds: IsValid=false, Min=(X=0.000 Y=0.000 Z=0.000), Max=(X=0.000 Y=0.000 Z=0.000)
 |   |- Transform: 0.000000,0.000000,0.000000|0.000000,0.000000,-0.000000|1.000000,1.000000,1.000000
 |   |- Container: /Game/FirstPerson/Maps/FirstPersonMap
----------------------------------------------------------------------------------------------------------------
FirstPersonMap - Persistent Level
----------------------------------------------------------------------------------------------------------------
Always loaded Actor Count: 27 

----------------------------------------------------------------------------------------------------------------
FirstPersonMap - Runtime Spatial Hash - Streaming Grid - MainGrid
----------------------------------------------------------------------------------------------------------------
            Origin: X=0.000 Y=0.000 Z=0.000
         Cell Size: 12800
      World Bounds: IsValid=false, Min=(X=0.000 Y=0.000 Z=0.000), Max=(X=0.000 Y=0.000 Z=0.000)
     Loading Range: 25600.00
Block Slow Loading: No
 ClientOnlyVisible: No

[+] Grid Levels: 1
 |- Level  0: Cell Count    0 | Cell Size   12800 | Actor Count    0 (0.0%)

[+] Content of Grid Level 0

